\BOOKMARK [0][-]{chapter.1}{\376\377\0001\000\040\000O\000s\000z\000t\000\341\000l\000y\000m\000u\000t\000a\000t\000\363}{}% 1
\BOOKMARK [1][-]{section.1.1}{\376\377\0001\000.\0001\000\040\000O\000s\000z\000t\000\341\000l\000y\000l\000i\000s\000t\000a}{chapter.1}% 2
\BOOKMARK [0][-]{chapter.2}{\376\377\0002\000\040\000F\000\341\000j\000l\000m\000u\000t\000a\000t\000\363}{}% 3
\BOOKMARK [1][-]{section.2.1}{\376\377\0002\000.\0001\000\040\000F\000\341\000j\000l\000l\000i\000s\000t\000a}{chapter.2}% 4
\BOOKMARK [0][-]{chapter.3}{\376\377\0003\000\040\000O\000s\000z\000t\000\341\000l\000y\000o\000k\000\040\000d\000o\000k\000u\000m\000e\000n\000t\000\341\000c\000i\000\363\000j\000a}{}% 5
\BOOKMARK [1][-]{section.3.1}{\376\377\0003\000.\0001\000\040\000S\000n\000a\000k\000e\000\137\000b\000o\000d\000y\000\137\000s\000\040\000s\000t\000r\000u\000k\000t\000\372\000r\000a\000r\000e\000f\000e\000r\000e\000n\000c\000i\000a}{chapter.3}% 6
\BOOKMARK [2][-]{subsection.3.1.1}{\376\377\0003\000.\0001\000.\0001\000\040\000R\000\351\000s\000z\000l\000e\000t\000e\000s\000\040\000l\000e\000\355\000r\000\341\000s}{section.3.1}% 7
\BOOKMARK [1][-]{section.3.2}{\376\377\0003\000.\0002\000\040\000S\000n\000a\000k\000e\000\137\000s\000\040\000s\000t\000r\000u\000k\000t\000\372\000r\000a\000r\000e\000f\000e\000r\000e\000n\000c\000i\000a}{chapter.3}% 8
\BOOKMARK [2][-]{subsection.3.2.1}{\376\377\0003\000.\0002\000.\0001\000\040\000R\000\351\000s\000z\000l\000e\000t\000e\000s\000\040\000l\000e\000\355\000r\000\341\000s}{section.3.2}% 9
\BOOKMARK [0][-]{chapter.4}{\376\377\0004\000\040\000F\000\341\000j\000l\000o\000k\000\040\000d\000o\000k\000u\000m\000e\000n\000t\000\341\000c\000i\000\363\000j\000a}{}% 10
\BOOKMARK [1][-]{section.4.1}{\376\377\0004\000.\0001\000\040\000m\000a\000i\000n\000.\000c\000\040\000f\000\341\000j\000l\000r\000e\000f\000e\000r\000e\000n\000c\000i\000a}{chapter.4}% 11
\BOOKMARK [2][-]{subsection.4.1.1}{\376\377\0004\000.\0001\000.\0001\000\040\000R\000\351\000s\000z\000l\000e\000t\000e\000s\000\040\000l\000e\000\355\000r\000\341\000s}{section.4.1}% 12
\BOOKMARK [1][-]{section.4.2}{\376\377\0004\000.\0002\000\040\000p\000l\000a\000y\000f\000i\000e\000l\000d\000.\000h\000\040\000f\000\341\000j\000l\000r\000e\000f\000e\000r\000e\000n\000c\000i\000a}{chapter.4}% 13
\BOOKMARK [2][-]{subsection.4.2.1}{\376\377\0004\000.\0002\000.\0001\000\040\000R\000\351\000s\000z\000l\000e\000t\000e\000s\000\040\000l\000e\000\355\000r\000\341\000s}{section.4.2}% 14
\BOOKMARK [1][-]{section.4.3}{\376\377\0004\000.\0003\000\040\000p\000l\000a\000y\000f\000i\000e\000l\000d\000.\000h}{chapter.4}% 15
\BOOKMARK [1][-]{section.4.4}{\376\377\0004\000.\0004\000\040\000p\000o\000i\000n\000t\000s\000.\000h\000\040\000f\000\341\000j\000l\000r\000e\000f\000e\000r\000e\000n\000c\000i\000a}{chapter.4}% 16
\BOOKMARK [2][-]{subsection.4.4.1}{\376\377\0004\000.\0004\000.\0001\000\040\000R\000\351\000s\000z\000l\000e\000t\000e\000s\000\040\000l\000e\000\355\000r\000\341\000s}{section.4.4}% 17
\BOOKMARK [2][-]{subsection.4.4.2}{\376\377\0004\000.\0004\000.\0002\000\040\000F\000\374\000g\000g\000v\000\351\000n\000y\000e\000k\000\040\000d\000o\000k\000u\000m\000e\000n\000t\000\341\000c\000i\000\363\000j\000a}{section.4.4}% 18
\BOOKMARK [3][-]{subsubsection.4.4.2.1}{\376\377\0004\000.\0004\000.\0002\000.\0001\000\040\000g\000a\000m\000e\000O\000v\000e\000r\000L\000E\000D\000\050\000\051}{subsection.4.4.2}% 19
\BOOKMARK [1][-]{section.4.5}{\376\377\0004\000.\0005\000\040\000p\000o\000i\000n\000t\000s\000.\000h}{chapter.4}% 20
\BOOKMARK [1][-]{section.4.6}{\376\377\0004\000.\0006\000\040\000s\000n\000a\000k\000e\000.\000h\000\040\000f\000\341\000j\000l\000r\000e\000f\000e\000r\000e\000n\000c\000i\000a}{chapter.4}% 21
\BOOKMARK [2][-]{subsection.4.6.1}{\376\377\0004\000.\0006\000.\0001\000\040\000R\000\351\000s\000z\000l\000e\000t\000e\000s\000\040\000l\000e\000\355\000r\000\341\000s}{section.4.6}% 22
\BOOKMARK [2][-]{subsection.4.6.2}{\376\377\0004\000.\0006\000.\0002\000\040\000E\000n\000u\000m\000e\000r\000\341\000c\000i\000\363\000k\000\040\000d\000o\000k\000u\000m\000e\000n\000t\000\341\000c\000i\000\363\000j\000a}{section.4.6}% 23
\BOOKMARK [3][-]{subsubsection.4.6.2.1}{\376\377\0004\000.\0006\000.\0002\000.\0001\000\040\000D\000i\000r\000\137\000e}{subsection.4.6.2}% 24
\BOOKMARK [1][-]{section.4.7}{\376\377\0004\000.\0007\000\040\000s\000n\000a\000k\000e\000.\000h}{chapter.4}% 25
\BOOKMARK [1][-]{section.4.8}{\376\377\0004\000.\0008\000\040\000u\000s\000a\000r\000t\000.\000h}{chapter.4}% 26
\BOOKMARK [0][-]{section*.11}{\376\377\000T\000\341\000r\000g\000y\000m\000u\000t\000a\000t\000\363}{}% 27
